01:56:39 **** Incremental Build of configuration Default for project AutoUmp ****
xmake CONFIG=Default all 
Checking build modules
Using build modules: lib_locks(2.0.3)
Analyzing algs.xc
../src/cameras/algs.xc:24:17: warning: pointer cast to type of larger alignment
                (uint32_t* unsafe)&bitBuffer[(i-2)*IMG_WIDTH/8],
                ^~~~~~~~~~~~~~~~~~~~~~~~~~~~~~~~~~~~~~~~~~~~~~~
../src/cameras/algs.xc:25:17: warning: pointer cast to type of larger alignment
                (uint32_t* unsafe)&bitBuffer[(i-1)*IMG_WIDTH/8],
                ^~~~~~~~~~~~~~~~~~~~~~~~~~~~~~~~~~~~~~~~~~~~~~~
../src/cameras/algs.xc:26:17: warning: pointer cast to type of larger alignment
                (uint32_t* unsafe)&bitBuffer[i*IMG_WIDTH/8]);
                ^~~~~~~~~~~~~~~~~~~~~~~~~~~~~~~~~~~~~~~~~~~
Analyzing ov07740.xc
Propagating analysis
Creating dependencies for ov07740.xc
Creating dependencies for algs.xc
Compiling algs.xc
../src/cameras/algs.xc:24:17: warning: pointer cast to type of larger alignment
                (uint32_t* unsafe)&bitBuffer[(i-2)*IMG_WIDTH/8],
                ^~~~~~~~~~~~~~~~~~~~~~~~~~~~~~~~~~~~~~~~~~~~~~~
../src/cameras/algs.xc:25:17: warning: pointer cast to type of larger alignment
                (uint32_t* unsafe)&bitBuffer[(i-1)*IMG_WIDTH/8],
                ^~~~~~~~~~~~~~~~~~~~~~~~~~~~~~~~~~~~~~~~~~~~~~~
../src/cameras/algs.xc:26:17: warning: pointer cast to type of larger alignment
                (uint32_t* unsafe)&bitBuffer[i*IMG_WIDTH/8]);
                ^~~~~~~~~~~~~~~~~~~~~~~~~~~~~~~~~~~~~~~~~~~
Compiling detect_objects.xc
Compiling ov07740.xc
Compiling sccb.xc
Compiling io.xc
Creating AutoUmp.xe
Build Complete

01:56:44 Build Finished (took 4s.934ms)

